<?xml version="1.0" encoding="UTF-8"?>
<testng-results ignored="4" total="5" passed="0" failed="1" skipped="0">
  <reporter-output>
  </reporter-output>
  <suite started-at="2024-07-25T22:18:01 IST" name="Default suite" finished-at="2024-07-25T22:18:08 IST" duration-ms="7721">
    <groups>
    </groups>
    <test started-at="2024-07-25T22:18:01 IST" name="Default test" finished-at="2024-07-25T22:18:08 IST" duration-ms="7721">
      <class name="MobileApplication.mobile.IoSMobileTestcase">
        <test-method is-config="true" signature="setServer()[pri:0, instance:MobileApplication.mobile.IoSMobileTestcase@4135c3b]" started-at="2024-07-25T22:18:01 IST" name="setServer" finished-at="2024-07-25T22:18:07 IST" duration-ms="6391" status="PASS">
          <reporter-output>
          </reporter-output>
        </test-method> <!-- setServer -->
        <test-method signature="valueScroll()[pri:0, instance:MobileApplication.mobile.IoSMobileTestcase@4135c3b]" started-at="2024-07-25T22:18:07 IST" name="valueScroll" finished-at="2024-07-25T22:18:08 IST" duration-ms="1287" status="FAIL">
          <exception class="org.openqa.selenium.WebDriverException">
            <message>
              <![CDATA[An unknown server-side error occurred while processing the command. Original error: Invalid parameter not satisfying: point.x != INFINITY && point.y != INFINITY
Build info: version: '4.23.0', revision: '4df0a231af'
System info: os.name: 'Mac OS X', os.arch: 'aarch64', os.version: '14.5', java.version: '17.0.10'
Driver info: io.appium.java_client.ios.IOSDriver
Command: [b2a77f88-3a55-4d99-aef6-c7207a93ac8f, executeScript {args=[{element=86000000-0000-0000-3F27-000000000000, direction=down}, percentage, 0.7, endX, 209, endY, 660], script=mobile:scroll}]
Capabilities {appium:app: /Users/ayashabodele/Library..., appium:automationName: XCuiTest, appium:databaseEnabled: false, appium:deviceName: Ayasha iPhone, appium:javascriptEnabled: true, appium:locationContextEnabled: false, appium:networkConnectionEnabled: false, appium:platformVersion: 15.0, appium:takesScreenshot: true, appium:udid: 93BFE899-66C1-4AC9-B0E3-0A4..., appium:wdaLaunchTimeout: 20000, appium:webStorageEnabled: false, platformName: IOS}
Session ID: b2a77f88-3a55-4d99-aef6-c7207a93ac8f]]>
            </message>
            <full-stacktrace>
              <![CDATA[org.openqa.selenium.WebDriverException: An unknown server-side error occurred while processing the command. Original error: Invalid parameter not satisfying: point.x != INFINITY && point.y != INFINITY
Build info: version: '4.23.0', revision: '4df0a231af'
System info: os.name: 'Mac OS X', os.arch: 'aarch64', os.version: '14.5', java.version: '17.0.10'
Driver info: io.appium.java_client.ios.IOSDriver
Command: [b2a77f88-3a55-4d99-aef6-c7207a93ac8f, executeScript {args=[{element=86000000-0000-0000-3F27-000000000000, direction=down}, percentage, 0.7, endX, 209, endY, 660], script=mobile:scroll}]
Capabilities {appium:app: /Users/ayashabodele/Library..., appium:automationName: XCuiTest, appium:databaseEnabled: false, appium:deviceName: Ayasha iPhone, appium:javascriptEnabled: true, appium:locationContextEnabled: false, appium:networkConnectionEnabled: false, appium:platformVersion: 15.0, appium:takesScreenshot: true, appium:udid: 93BFE899-66C1-4AC9-B0E3-0A4..., appium:wdaLaunchTimeout: 20000, appium:webStorageEnabled: false, platformName: IOS}
Session ID: b2a77f88-3a55-4d99-aef6-c7207a93ac8f
at java.base/jdk.internal.reflect.NativeConstructorAccessorImpl.newInstance0(Native Method)
at java.base/jdk.internal.reflect.NativeConstructorAccessorImpl.newInstance(NativeConstructorAccessorImpl.java:77)
at java.base/jdk.internal.reflect.DelegatingConstructorAccessorImpl.newInstance(DelegatingConstructorAccessorImpl.java:45)
at java.base/java.lang.reflect.Constructor.newInstanceWithCaller(Constructor.java:499)
at java.base/java.lang.reflect.Constructor.newInstance(Constructor.java:480)
at org.openqa.selenium.remote.ErrorCodec.decode(ErrorCodec.java:167)
at org.openqa.selenium.remote.codec.w3c.W3CHttpResponseCodec.decode(W3CHttpResponseCodec.java:138)
at org.openqa.selenium.remote.codec.w3c.W3CHttpResponseCodec.decode(W3CHttpResponseCodec.java:50)
at org.openqa.selenium.remote.HttpCommandExecutor.execute(HttpCommandExecutor.java:190)
at io.appium.java_client.remote.AppiumCommandExecutor.execute(AppiumCommandExecutor.java:237)
at org.openqa.selenium.remote.RemoteWebDriver.execute(RemoteWebDriver.java:527)
at org.openqa.selenium.remote.RemoteWebDriver.executeScript(RemoteWebDriver.java:465)
at MobileApplication.mobile.IoSBaseClass.scrolltoElement(IoSBaseClass.java:77)
at MobileApplication.mobile.IoSMobileTestcase.valueScroll(IoSMobileTestcase.java:48)
at java.base/jdk.internal.reflect.NativeMethodAccessorImpl.invoke0(Native Method)
at java.base/jdk.internal.reflect.NativeMethodAccessorImpl.invoke(NativeMethodAccessorImpl.java:77)
at java.base/jdk.internal.reflect.DelegatingMethodAccessorImpl.invoke(DelegatingMethodAccessorImpl.java:43)
at java.base/java.lang.reflect.Method.invoke(Method.java:568)
at org.testng.internal.invokers.MethodInvocationHelper.invokeMethod(MethodInvocationHelper.java:139)
at org.testng.internal.invokers.TestInvoker.invokeMethod(TestInvoker.java:677)
at org.testng.internal.invokers.TestInvoker.invokeTestMethod(TestInvoker.java:221)
at org.testng.internal.invokers.MethodRunner.runInSequence(MethodRunner.java:50)
at org.testng.internal.invokers.TestInvoker$MethodInvocationAgent.invoke(TestInvoker.java:962)
at org.testng.internal.invokers.TestInvoker.invokeTestMethods(TestInvoker.java:194)
at org.testng.internal.invokers.TestMethodWorker.invokeTestMethods(TestMethodWorker.java:148)
at org.testng.internal.invokers.TestMethodWorker.run(TestMethodWorker.java:128)
at java.base/java.util.ArrayList.forEach(ArrayList.java:1511)
at org.testng.TestRunner.privateRun(TestRunner.java:806)
at org.testng.TestRunner.run(TestRunner.java:601)
at org.testng.SuiteRunner.runTest(SuiteRunner.java:433)
at org.testng.SuiteRunner.runSequentially(SuiteRunner.java:427)
at org.testng.SuiteRunner.privateRun(SuiteRunner.java:387)
at org.testng.SuiteRunner.run(SuiteRunner.java:330)
at org.testng.SuiteRunnerWorker.runSuite(SuiteRunnerWorker.java:52)
at org.testng.SuiteRunnerWorker.run(SuiteRunnerWorker.java:95)
at org.testng.TestNG.runSuitesSequentially(TestNG.java:1256)
at org.testng.TestNG.runSuitesLocally(TestNG.java:1176)
at org.testng.TestNG.runSuites(TestNG.java:1099)
at org.testng.TestNG.run(TestNG.java:1067)
at org.testng.remote.AbstractRemoteTestNG.run(AbstractRemoteTestNG.java:115)
at org.testng.remote.RemoteTestNG.initAndRun(RemoteTestNG.java:293)
at org.testng.remote.RemoteTestNG.main(RemoteTestNG.java:91)
]]>
            </full-stacktrace>
          </exception> <!-- org.openqa.selenium.WebDriverException -->
          <reporter-output>
          </reporter-output>
        </test-method> <!-- valueScroll -->
      </class> <!-- MobileApplication.mobile.IoSMobileTestcase -->
    </test> <!-- Default test -->
  </suite> <!-- Default suite -->
</testng-results>
